<?xml version="1.0" encoding="UTF-8"?>
<!-- Generated by org.testng.reporters.JUnitXMLReporter -->
<testsuite ignored="0" hostname="DESKTOP-77BOD9I" failures="0" tests="3" name="Surefire test" time="0.058" errors="0" timestamp="2020-09-10T12:16:56 CEST">
  <testcase classname="qaacademy.MavenProject.AppiumTest" name="Test1" time="0.006"/>
  <testcase classname="qaacademy.MavenProject.AppiumTest" name="Test2" time="0.0"/>
  <testcase classname="qaacademy.MavenProject.SeleniumTest" name="BrowserAutomation" time="0.001"/>
</testsuite> <!-- Surefire test -->
