<?xml version="1.0" encoding="UTF-8"?>
<!-- Generated by org.testng.reporters.JUnitXMLReporter -->
<testsuite ignored="0" hostname="DESKTOP-77BOD9I" failures="0" tests="5" name="Test" time="0.132" errors="0" timestamp="2020-09-11T09:35:31 CEST">
  <testcase classname="qaacademy.MavenProject.RestAPI" name="Test3" time="0.02"/>
  <testcase classname="qaacademy.MavenProject.RestAPI" name="Test4" time="0.002"/>
  <testcase classname="qaacademy.MavenProject.SeleniumTest" name="BrowserAutomation" time="0.002"/>
  <testcase classname="qaacademy.MavenProject.AppiumTest" name="Test1" time="0.002"/>
  <testcase classname="qaacademy.MavenProject.AppiumTest" name="Test2" time="0.006"/>
</testsuite> <!-- Test -->
