<?xml version="1.0" encoding="UTF-8"?>
<!-- Generated by org.testng.reporters.JUnitXMLReporter -->
<testsuite ignored="0" hostname="DESKTOP-77BOD9I" failures="0" tests="3" name="Test" time="0.068" errors="0" timestamp="2020-09-10T13:00:12 CEST">
  <testcase classname="qaacademy.MavenProject.RestAPI" name="Test3" time="0.007"/>
  <testcase classname="qaacademy.MavenProject.RestAPI" name="Test4" time="0.0"/>
  <testcase classname="qaacademy.MavenProject.SeleniumTest" name="BrowserAutomation" time="0.001"/>
</testsuite> <!-- Test -->
