<?xml version="1.0" encoding="UTF-8"?>
<testng-results ignored="0" total="5" passed="5" failed="0" skipped="0">
  <reporter-output>
  </reporter-output>
  <suite started-at="2020-09-11T09:35:30 CEST" name="Suite" finished-at="2020-09-11T09:35:30 CEST" duration-ms="132">
    <groups>
    </groups>
    <test started-at="2020-09-11T09:35:30 CEST" name="Test" finished-at="2020-09-11T09:35:30 CEST" duration-ms="132">
      <class name="qaacademy.MavenProject.RestAPI">
        <test-method signature="Test3()[pri:0, instance:qaacademy.MavenProject.RestAPI@37858383]" started-at="2020-09-11T09:35:30 CEST" name="Test3" finished-at="2020-09-11T09:35:30 CEST" duration-ms="20" status="PASS">
          <reporter-output>
          </reporter-output>
        </test-method> <!-- Test3 -->
        <test-method signature="Test4()[pri:0, instance:qaacademy.MavenProject.RestAPI@37858383]" started-at="2020-09-11T09:35:30 CEST" name="Test4" finished-at="2020-09-11T09:35:30 CEST" duration-ms="2" status="PASS">
          <reporter-output>
          </reporter-output>
        </test-method> <!-- Test4 -->
      </class> <!-- qaacademy.MavenProject.RestAPI -->
      <class name="qaacademy.MavenProject.SeleniumTest">
        <test-method signature="BrowserAutomation()[pri:0, instance:qaacademy.MavenProject.SeleniumTest@4e268090]" started-at="2020-09-11T09:35:30 CEST" name="BrowserAutomation" finished-at="2020-09-11T09:35:30 CEST" duration-ms="2" status="PASS">
          <reporter-output>
          </reporter-output>
        </test-method> <!-- BrowserAutomation -->
      </class> <!-- qaacademy.MavenProject.SeleniumTest -->
      <class name="qaacademy.MavenProject.AppiumTest">
        <test-method signature="Test1()[pri:0, instance:qaacademy.MavenProject.AppiumTest@1bb266b3]" started-at="2020-09-11T09:35:30 CEST" name="Test1" finished-at="2020-09-11T09:35:30 CEST" duration-ms="2" status="PASS">
          <reporter-output>
          </reporter-output>
        </test-method> <!-- Test1 -->
        <test-method signature="Test2()[pri:0, instance:qaacademy.MavenProject.AppiumTest@1bb266b3]" started-at="2020-09-11T09:35:30 CEST" name="Test2" finished-at="2020-09-11T09:35:30 CEST" duration-ms="6" status="PASS">
          <reporter-output>
          </reporter-output>
        </test-method> <!-- Test2 -->
      </class> <!-- qaacademy.MavenProject.AppiumTest -->
    </test> <!-- Test -->
  </suite> <!-- Suite -->
</testng-results>
